<?xml version="1.0" encoding="UTF-8"?>
<!-- Generated by org.testng.reporters.JUnitXMLReporter -->
<testsuite ignored="0" hostname="LIN-5CD532CCMM" failures="0" tests="3" name="Default test" time="0.086" errors="0" timestamp="2025-11-14T15:34:01 IST">
  <testcase classname="testNG.testngex11" name="login" time="0.019">
    <skipped/>
  </testcase> <!-- login -->
  <testcase classname="testNG.testngex11" name="login" time="0.001">
    <skipped/>
  </testcase> <!-- login -->
  <testcase classname="testNG.testngex11" name="login" time="0.002"/>
</testsuite> <!-- Default test -->
