<?xml version="1.0" encoding="UTF-8"?>
<!-- Generated by org.testng.reporters.JUnitXMLReporter -->
<testsuite ignored="3" hostname="LIN-5CD532CCMM" failures="0" tests="1" name="Test(failed)(failed)" time="0.08" errors="0" timestamp="2025-11-14T10:50:22 IST">
  <testcase classname="testNG.testngex8" name="m4" time="0.013"/>
  <testcase classname="testNG.testngex8" name="m3" time="0.0">
    <ignored/>
  </testcase> <!-- m3 -->
  <testcase classname="testNG.testngex8" name="m1" time="0.0">
    <ignored/>
  </testcase> <!-- m1 -->
  <testcase classname="testNG.testngex8" name="m2" time="0.0">
    <ignored/>
  </testcase> <!-- m2 -->
</testsuite> <!-- Test(failed)(failed) -->
