<?xml version="1.0" encoding="UTF-8"?>
<!-- Generated by org.testng.reporters.JUnitXMLReporter -->
<testsuite ignored="0" hostname="LIN-5CD532CCMM" failures="1" tests="3" name="Test" time="0.088" errors="0" timestamp="2025-11-14T15:47:24 IST">
  <testcase classname="testNG.testngex12" name="login" time="0.019">
    <skipped/>
  </testcase> <!-- login -->
  <testcase classname="testNG.testngex12" name="login" time="0.002">
    <skipped/>
  </testcase> <!-- login -->
  <testcase classname="testNG.testngex12" name="login" time="0.001">
    <failure type="java.lang.AssertionError" message="expected [true] but found [false]">
      <![CDATA[java.lang.AssertionError: expected [true] but found [false]
at testNG.testngex12.login(testngex12.java:13)
at java.base/java.util.ArrayList.forEach(ArrayList.java:1511)
... Removed 31 stack frames]]>
    </failure>
  </testcase> <!-- login -->
</testsuite> <!-- Test -->
