<?xml version="1.0" encoding="UTF-8"?>
<!-- Generated by org.testng.reporters.JUnitXMLReporter -->
<testsuite ignored="0" hostname="LIN-5CD532CCMM" failures="1" tests="4" name="Test" time="0.062" errors="0" timestamp="2025-11-17T11:27:31 IST">
  <testcase classname="testNG.testngex10" name="BilingTest" time="0.005"/>
  <testcase classname="testNG.testngex10" name="LoginTest" time="0.009">
    <failure type="java.lang.AssertionError" message="expected [true] but found [false]">
      <![CDATA[java.lang.AssertionError: expected [true] but found [false]
at testNG.testngex10.LoginTest(testngex10.java:14)
at java.base/java.util.ArrayList.forEach(ArrayList.java:1511)
... Removed 35 stack frames]]>
    </failure>
  </testcase> <!-- LoginTest -->
  <testcase classname="testNG.testngex10" name="PaymentTest" time="0.0"/>
  <testcase classname="testNG.testngex10" name="RegistrationTest" time="0.0"/>
</testsuite> <!-- Test -->
