<?xml version="1.0" encoding="UTF-8"?>
<testng-results ignored="0" total="2" passed="2" failed="0" skipped="0">
  <reporter-output>
  </reporter-output>
  <suite started-at="2025-11-12T17:04:01 IST" name="Suite" finished-at="2025-11-12T17:04:01 IST" duration-ms="54">
    <groups>
    </groups>
    <test started-at="2025-11-12T17:04:01 IST" name="Test" finished-at="2025-11-12T17:04:01 IST" duration-ms="54">
      <class name="testNG.testngex1">
        <test-method is-config="true" signature="beforeSuite()[pri:0, instance:testNG.testngex1@48075da3]" started-at="2025-11-12T17:04:01 IST" name="beforeSuite" finished-at="2025-11-12T17:04:01 IST" duration-ms="12" status="PASS">
          <reporter-output>
          </reporter-output>
        </test-method> <!-- beforeSuite -->
        <test-method is-config="true" signature="beforeTest()[pri:0, instance:testNG.testngex1@48075da3]" started-at="2025-11-12T17:04:01 IST" name="beforeTest" finished-at="2025-11-12T17:04:01 IST" duration-ms="0" status="PASS">
          <reporter-output>
          </reporter-output>
        </test-method> <!-- beforeTest -->
        <test-method is-config="true" signature="beforeClass()[pri:0, instance:testNG.testngex1@48075da3]" started-at="2025-11-12T17:04:01 IST" name="beforeClass" finished-at="2025-11-12T17:04:01 IST" duration-ms="1" status="PASS">
          <reporter-output>
          </reporter-output>
        </test-method> <!-- beforeClass -->
        <test-method signature="m1()[pri:0, instance:testNG.testngex1@48075da3]" started-at="2025-11-12T17:04:01 IST" name="m1" finished-at="2025-11-12T17:04:01 IST" duration-ms="2" status="PASS">
          <reporter-output>
          </reporter-output>
        </test-method> <!-- m1 -->
        <test-method is-config="true" signature="beforeMethod()[pri:0, instance:testNG.testngex1@48075da3]" started-at="2025-11-12T17:04:01 IST" name="beforeMethod" finished-at="2025-11-12T17:04:01 IST" duration-ms="0" status="PASS">
          <reporter-output>
          </reporter-output>
        </test-method> <!-- beforeMethod -->
        <test-method is-config="true" signature="afterMethod()[pri:0, instance:testNG.testngex1@48075da3]" started-at="2025-11-12T17:04:01 IST" name="afterMethod" finished-at="2025-11-12T17:04:01 IST" duration-ms="1" status="PASS">
          <reporter-output>
          </reporter-output>
        </test-method> <!-- afterMethod -->
        <test-method is-config="true" signature="afterClass()[pri:0, instance:testNG.testngex1@48075da3]" started-at="2025-11-12T17:04:01 IST" name="afterClass" finished-at="2025-11-12T17:04:01 IST" duration-ms="0" status="PASS">
          <reporter-output>
          </reporter-output>
        </test-method> <!-- afterClass -->
        <test-method is-config="true" signature="afterTest()[pri:0, instance:testNG.testngex1@48075da3]" started-at="2025-11-12T17:04:01 IST" name="afterTest" finished-at="2025-11-12T17:04:01 IST" duration-ms="0" status="PASS">
          <reporter-output>
          </reporter-output>
        </test-method> <!-- afterTest -->
        <test-method is-config="true" signature="afterSuite()[pri:0, instance:testNG.testngex1@48075da3]" started-at="2025-11-12T17:04:01 IST" name="afterSuite" finished-at="2025-11-12T17:04:01 IST" duration-ms="0" status="PASS">
          <reporter-output>
          </reporter-output>
        </test-method> <!-- afterSuite -->
      </class> <!-- testNG.testngex1 -->
      <class name="testNG.textngex2">
        <test-method is-config="true" signature="beforeSuite()[pri:0, instance:testNG.textngex2@5afa3c9]" started-at="2025-11-12T17:04:01 IST" name="beforeSuite" finished-at="2025-11-12T17:04:01 IST" duration-ms="0" status="PASS">
          <reporter-output>
          </reporter-output>
        </test-method> <!-- beforeSuite -->
        <test-method is-config="true" signature="beforeTest()[pri:0, instance:testNG.textngex2@5afa3c9]" started-at="2025-11-12T17:04:01 IST" name="beforeTest" finished-at="2025-11-12T17:04:01 IST" duration-ms="0" status="PASS">
          <reporter-output>
          </reporter-output>
        </test-method> <!-- beforeTest -->
        <test-method is-config="true" signature="beforeClass()[pri:0, instance:testNG.textngex2@5afa3c9]" started-at="2025-11-12T17:04:01 IST" name="beforeClass" finished-at="2025-11-12T17:04:01 IST" duration-ms="0" status="PASS">
          <reporter-output>
          </reporter-output>
        </test-method> <!-- beforeClass -->
        <test-method is-config="true" signature="beforeMethod()[pri:0, instance:testNG.textngex2@5afa3c9]" started-at="2025-11-12T17:04:01 IST" name="beforeMethod" finished-at="2025-11-12T17:04:01 IST" duration-ms="1" status="PASS">
          <reporter-output>
          </reporter-output>
        </test-method> <!-- beforeMethod -->
        <test-method signature="login()[pri:0, instance:testNG.textngex2@5afa3c9]" started-at="2025-11-12T17:04:01 IST" name="login" finished-at="2025-11-12T17:04:01 IST" duration-ms="2" status="PASS">
          <reporter-output>
          </reporter-output>
        </test-method> <!-- login -->
        <test-method is-config="true" signature="afterMethod()[pri:0, instance:testNG.textngex2@5afa3c9]" started-at="2025-11-12T17:04:01 IST" name="afterMethod" finished-at="2025-11-12T17:04:01 IST" duration-ms="0" status="PASS">
          <reporter-output>
          </reporter-output>
        </test-method> <!-- afterMethod -->
        <test-method is-config="true" signature="afterClass()[pri:0, instance:testNG.textngex2@5afa3c9]" started-at="2025-11-12T17:04:01 IST" name="afterClass" finished-at="2025-11-12T17:04:01 IST" duration-ms="1" status="PASS">
          <reporter-output>
          </reporter-output>
        </test-method> <!-- afterClass -->
        <test-method is-config="true" signature="afterTest()[pri:0, instance:testNG.textngex2@5afa3c9]" started-at="2025-11-12T17:04:01 IST" name="afterTest" finished-at="2025-11-12T17:04:01 IST" duration-ms="0" status="PASS">
          <reporter-output>
          </reporter-output>
        </test-method> <!-- afterTest -->
        <test-method is-config="true" signature="afterSuite()[pri:0, instance:testNG.textngex2@5afa3c9]" started-at="2025-11-12T17:04:01 IST" name="afterSuite" finished-at="2025-11-12T17:04:01 IST" duration-ms="1" status="PASS">
          <reporter-output>
          </reporter-output>
        </test-method> <!-- afterSuite -->
      </class> <!-- testNG.textngex2 -->
    </test> <!-- Test -->
  </suite> <!-- Suite -->
</testng-results>
