<?xml version="1.0" encoding="UTF-8"?>
<!-- Generated by org.testng.reporters.JUnitReportReporter -->
<testsuite hostname="LIN-5CD532CCMM" failures="0" tests="4" name="testNG.textngex3" time="0.011" errors="0" timestamp="2025-11-12T17:39:44 IST" skipped="0">
  <testcase classname="testNG.textngex3" name="LoginTest" time="0.009"/>
  <testcase classname="testNG.textngex3" name="PaymentTest" time="0.001"/>
  <testcase classname="testNG.textngex3" name="RegistrationTest" time="0.000"/>
  <testcase classname="testNG.textngex3" name="BilingTest" time="0.001"/>
</testsuite> <!-- testNG.textngex3 -->
