<?xml version="1.0" encoding="UTF-8"?>
<!-- Generated by org.testng.reporters.JUnitReportReporter -->
<testsuite hostname="LIN-5CD532CCMM" failures="0" tests="3" name="testNG.testngex11" time="0.026" errors="0" timestamp="2025-11-14T15:40:03 IST" skipped="2">
  <testcase classname="testNG.testngex11" name="login" time="0.023">
    <skipped/>
  </testcase> <!-- login -->
  <testcase classname="testNG.testngex11" name="login" time="0.001">
    <skipped/>
  </testcase> <!-- login -->
  <testcase classname="testNG.testngex11" name="login" time="0.002"/>
</testsuite> <!-- testNG.testngex11 -->
