<?xml version="1.0" encoding="UTF-8"?>
<!-- Generated by org.testng.reporters.JUnitReportReporter -->
<testsuite hostname="LIN-5CD532CCMM" failures="0" tests="3" name="testNG.testngex6" time="0.012" errors="0" timestamp="2025-11-14T10:03:23 IST" skipped="0">
  <testcase classname="testNG.testngex6" name="BilingTest" time="0.009"/>
  <testcase classname="testNG.testngex6" name="LoginTest" time="0.001"/>
  <testcase classname="testNG.testngex6" name="PaymentTest" time="0.002"/>
</testsuite> <!-- testNG.testngex6 -->
