<?xml version="1.0" encoding="UTF-8"?>
<!-- Generated by org.testng.reporters.JUnitReportReporter -->
<testsuite hostname="LIN-5CD532CCMM" failures="0" tests="3" name="testNG.testngex9" time="0.010" errors="0" timestamp="2025-11-14T11:43:25 IST" skipped="0">
  <testcase classname="testNG.testngex9" name="login" time="0.007"/>
  <testcase classname="testNG.testngex9" name="login" time="0.001"/>
  <testcase classname="testNG.testngex9" name="login" time="0.002"/>
</testsuite> <!-- testNG.testngex9 -->
